c:\users\mirella\desktop\vrep\harm_6\debug\vc141.pdb
c:\users\mirella\desktop\vrep\harm_6\debug\vc141.idb
c:\users\mirella\desktop\vrep\harm_6\debug\extapiplatform.obj
c:\users\mirella\desktop\vrep\harm_6\debug\extapi.obj
c:\users\mirella\desktop\vrep\harm_6\debug\main_harm.obj
c:\users\mirella\desktop\deteb\deteb\vrep\harm_6\debug\vc141.pdb
c:\users\mirella\desktop\deteb\deteb\vrep\harm_6\debug\vc141.idb
c:\users\mirella\desktop\deteb\deteb\vrep\harm_6\debug\extapiplatform.obj
c:\users\mirella\desktop\deteb\deteb\vrep\harm_6\debug\extapi.obj
c:\users\mirella\desktop\deteb\deteb\vrep\harm_6\debug\main_harm.obj
c:\users\mirella\desktop\deteb-master-d0b541fda6705adaf20ad9c3f02b8cda145171a2\vrep\harm_6\debug\vc141.pdb
c:\users\mirella\desktop\deteb-master-d0b541fda6705adaf20ad9c3f02b8cda145171a2\vrep\harm_6\debug\vc141.idb
c:\users\mirella\desktop\deteb-master-d0b541fda6705adaf20ad9c3f02b8cda145171a2\vrep\harm_6\debug\extapiplatform.obj
c:\users\mirella\desktop\deteb-master-d0b541fda6705adaf20ad9c3f02b8cda145171a2\vrep\harm_6\debug\extapi.obj
c:\users\mirella\desktop\deteb-master-d0b541fda6705adaf20ad9c3f02b8cda145171a2\vrep\harm_6\debug\main_harm.obj
c:\users\mirella\desktop\vrep\debug\harm_6.lib
c:\users\mirella\desktop\vrep\debug\harm_6.exp
c:\users\mirella\desktop\deteb\deteb\vrep\debug\harm_6.lib
c:\users\mirella\desktop\deteb\deteb\vrep\debug\harm_6.exp
c:\users\mirella\desktop\deteb-master-d0b541fda6705adaf20ad9c3f02b8cda145171a2\vrep\debug\harm_6.lib
c:\users\mirella\desktop\deteb-master-d0b541fda6705adaf20ad9c3f02b8cda145171a2\vrep\debug\harm_6.exp
c:\users\mirella\desktop\vrep\debug\harm_6.exe
c:\users\mirella\desktop\vrep\debug\harm_6.ilk
c:\users\mirella\desktop\vrep\debug\harm_6.pdb
c:\users\mirella\desktop\deteb\deteb\vrep\debug\harm_6.exe
c:\users\mirella\desktop\deteb\deteb\vrep\debug\harm_6.ilk
c:\users\mirella\desktop\deteb\deteb\vrep\debug\harm_6.pdb
c:\users\mirella\desktop\deteb-master-d0b541fda6705adaf20ad9c3f02b8cda145171a2\vrep\debug\harm_6.ilk
c:\users\mirella\desktop\deteb-master-d0b541fda6705adaf20ad9c3f02b8cda145171a2\vrep\debug\harm_6.exe
c:\users\mirella\desktop\deteb-master-d0b541fda6705adaf20ad9c3f02b8cda145171a2\vrep\debug\harm_6.pdb
c:\users\mirella\desktop\deteb-master-d0b541fda6705adaf20ad9c3f02b8cda145171a2\vrep\harm_6\debug\harm_6.tlog\cl.command.1.tlog
c:\users\mirella\desktop\deteb-master-d0b541fda6705adaf20ad9c3f02b8cda145171a2\vrep\harm_6\debug\harm_6.tlog\cl.read.1.tlog
c:\users\mirella\desktop\deteb-master-d0b541fda6705adaf20ad9c3f02b8cda145171a2\vrep\harm_6\debug\harm_6.tlog\cl.write.1.tlog
c:\users\mirella\desktop\deteb-master-d0b541fda6705adaf20ad9c3f02b8cda145171a2\vrep\harm_6\debug\harm_6.tlog\harm_6.write.1u.tlog
c:\users\mirella\desktop\deteb-master-d0b541fda6705adaf20ad9c3f02b8cda145171a2\vrep\harm_6\debug\harm_6.tlog\link.command.1.tlog
c:\users\mirella\desktop\deteb-master-d0b541fda6705adaf20ad9c3f02b8cda145171a2\vrep\harm_6\debug\harm_6.tlog\link.delete.1.tlog
c:\users\mirella\desktop\deteb-master-d0b541fda6705adaf20ad9c3f02b8cda145171a2\vrep\harm_6\debug\harm_6.tlog\link.read.1.tlog
c:\users\mirella\desktop\deteb-master-d0b541fda6705adaf20ad9c3f02b8cda145171a2\vrep\harm_6\debug\harm_6.tlog\link.write.1.tlog
